2021-02-10 14:58:51.476  INFO 2508 --- [main] b.a.s.SpringBootRestApplication          : Starting SpringBootRestApplication using Java 1.8.0_241 on S-L2 with PID 2508 (D:\Disk D\разработка\java\Spring\spring_boot_rest\target\classes started by СУРГ in D:\Disk D\разработка\java\Spring\spring_boot_rest)
2021-02-10 14:58:51.480  INFO 2508 --- [main] b.a.s.SpringBootRestApplication          : No active profile set, falling back to default profiles: default
2021-02-10 14:58:52.027  INFO 2508 --- [main] .s.d.r.c.RepositoryConfigurationDelegate : Bootstrapping Spring Data JPA repositories in DEFAULT mode.
2021-02-10 14:58:52.042  INFO 2508 --- [main] .s.d.r.c.RepositoryConfigurationDelegate : Finished Spring Data repository scanning in 5 ms. Found 0 JPA repository interfaces.
2021-02-10 14:58:52.439  INFO 2508 --- [main] o.s.b.w.embedded.tomcat.TomcatWebServer  : Tomcat initialized with port(s): 8090 (http)
2021-02-10 14:58:52.446  INFO 2508 --- [main] o.apache.catalina.core.StandardService   : Starting service [Tomcat]
2021-02-10 14:58:52.446  INFO 2508 --- [main] org.apache.catalina.core.StandardEngine  : Starting Servlet engine: [Apache Tomcat/9.0.41]
2021-02-10 14:58:52.559  INFO 2508 --- [main] o.a.c.c.C.[.[.[/springboot-rest]         : Initializing Spring embedded WebApplicationContext
2021-02-10 14:58:52.560  INFO 2508 --- [main] w.s.c.ServletWebServerApplicationContext : Root WebApplicationContext: initialization completed in 1039 ms
2021-02-10 14:58:52.689  INFO 2508 --- [main] com.zaxxer.hikari.HikariDataSource       : HikariPool-1 - Starting...
2021-02-10 14:58:52.832  INFO 2508 --- [main] com.zaxxer.hikari.HikariDataSource       : HikariPool-1 - Start completed.
2021-02-10 14:58:52.865  INFO 2508 --- [main] o.hibernate.jpa.internal.util.LogHelper  : HHH000204: Processing PersistenceUnitInfo [name: default]
2021-02-10 14:58:52.902  INFO 2508 --- [main] org.hibernate.Version                    : HHH000412: Hibernate ORM core version 5.4.27.Final
2021-02-10 14:58:53.005  INFO 2508 --- [main] o.hibernate.annotations.common.Version   : HCANN000001: Hibernate Commons Annotations {5.1.2.Final}
2021-02-10 14:58:53.085  INFO 2508 --- [main] org.hibernate.dialect.Dialect            : HHH000400: Using dialect: org.hibernate.dialect.MySQLDialect
2021-02-10 14:58:53.459  INFO 2508 --- [main] o.h.e.t.j.p.i.JtaPlatformInitiator       : HHH000490: Using JtaPlatform implementation: [org.hibernate.engine.transaction.jta.platform.internal.NoJtaPlatform]
2021-02-10 14:58:53.468  INFO 2508 --- [main] j.LocalContainerEntityManagerFactoryBean : Initialized JPA EntityManagerFactory for persistence unit 'default'
2021-02-10 14:58:53.530  WARN 2508 --- [main] JpaBaseConfiguration$JpaWebConfiguration : spring.jpa.open-in-view is enabled by default. Therefore, database queries may be performed during view rendering. Explicitly configure spring.jpa.open-in-view to disable this warning
2021-02-10 14:58:53.655  INFO 2508 --- [main] o.s.s.concurrent.ThreadPoolTaskExecutor  : Initializing ExecutorService 'applicationTaskExecutor'
2021-02-10 14:58:53.842  INFO 2508 --- [main] o.s.b.w.embedded.tomcat.TomcatWebServer  : Tomcat started on port(s): 8090 (http) with context path '/springboot-rest'
2021-02-10 14:58:53.852  INFO 2508 --- [main] b.a.s.SpringBootRestApplication          : Started SpringBootRestApplication in 2.753 seconds (JVM running for 3.352)
2021-02-10 15:01:10.450  INFO 2508 --- [http-nio-8090-exec-2] o.a.c.c.C.[.[.[/springboot-rest]         : Initializing Spring DispatcherServlet 'dispatcherServlet'
2021-02-10 15:01:10.450  INFO 2508 --- [http-nio-8090-exec-2] o.s.web.servlet.DispatcherServlet        : Initializing Servlet 'dispatcherServlet'
2021-02-10 15:01:10.451  INFO 2508 --- [http-nio-8090-exec-2] o.s.web.servlet.DispatcherServlet        : Completed initialization in 1 ms
2021-02-10 15:01:10.523  INFO 2508 --- [http-nio-8090-exec-2] b.a.s.controller.MyRESTController        : Get all employees
2021-02-10 15:07:34.841  INFO 1988 --- [restartedMain] b.a.s.SpringBootRestApplication          : Starting SpringBootRestApplication using Java 1.8.0_241 on S-L2 with PID 1988 (D:\Disk D\разработка\java\Spring\spring_boot_rest\target\classes started by СУРГ in D:\Disk D\разработка\java\Spring\spring_boot_rest)
2021-02-10 15:07:34.844  INFO 1988 --- [restartedMain] b.a.s.SpringBootRestApplication          : No active profile set, falling back to default profiles: default
2021-02-10 15:07:34.886  INFO 1988 --- [restartedMain] .e.DevToolsPropertyDefaultsPostProcessor : Devtools property defaults active! Set 'spring.devtools.add-properties' to 'false' to disable
2021-02-10 15:07:34.887  INFO 1988 --- [restartedMain] .e.DevToolsPropertyDefaultsPostProcessor : For additional web related logging consider setting the 'logging.level.web' property to 'DEBUG'
2021-02-10 15:07:35.447  INFO 1988 --- [restartedMain] .s.d.r.c.RepositoryConfigurationDelegate : Bootstrapping Spring Data JPA repositories in DEFAULT mode.
2021-02-10 15:07:35.459  INFO 1988 --- [restartedMain] .s.d.r.c.RepositoryConfigurationDelegate : Finished Spring Data repository scanning in 5 ms. Found 0 JPA repository interfaces.
2021-02-10 15:07:35.965  INFO 1988 --- [restartedMain] o.s.b.w.embedded.tomcat.TomcatWebServer  : Tomcat initialized with port(s): 8090 (http)
2021-02-10 15:07:35.973  INFO 1988 --- [restartedMain] o.apache.catalina.core.StandardService   : Starting service [Tomcat]
2021-02-10 15:07:35.973  INFO 1988 --- [restartedMain] org.apache.catalina.core.StandardEngine  : Starting Servlet engine: [Apache Tomcat/9.0.41]
2021-02-10 15:07:36.048  INFO 1988 --- [restartedMain] o.a.c.c.C.[.[.[/springboot-rest]         : Initializing Spring embedded WebApplicationContext
2021-02-10 15:07:36.049  INFO 1988 --- [restartedMain] w.s.c.ServletWebServerApplicationContext : Root WebApplicationContext: initialization completed in 1162 ms
2021-02-10 15:07:36.165  INFO 1988 --- [restartedMain] com.zaxxer.hikari.HikariDataSource       : HikariPool-1 - Starting...
2021-02-10 15:07:36.292  INFO 1988 --- [restartedMain] com.zaxxer.hikari.HikariDataSource       : HikariPool-1 - Start completed.
2021-02-10 15:07:36.324  INFO 1988 --- [restartedMain] o.hibernate.jpa.internal.util.LogHelper  : HHH000204: Processing PersistenceUnitInfo [name: default]
2021-02-10 15:07:36.361  INFO 1988 --- [restartedMain] org.hibernate.Version                    : HHH000412: Hibernate ORM core version 5.4.27.Final
2021-02-10 15:07:36.463  INFO 1988 --- [restartedMain] o.hibernate.annotations.common.Version   : HCANN000001: Hibernate Commons Annotations {5.1.2.Final}
2021-02-10 15:07:36.540  INFO 1988 --- [restartedMain] org.hibernate.dialect.Dialect            : HHH000400: Using dialect: org.hibernate.dialect.MySQLDialect
2021-02-10 15:07:36.959  INFO 1988 --- [restartedMain] o.h.e.t.j.p.i.JtaPlatformInitiator       : HHH000490: Using JtaPlatform implementation: [org.hibernate.engine.transaction.jta.platform.internal.NoJtaPlatform]
2021-02-10 15:07:36.966  INFO 1988 --- [restartedMain] j.LocalContainerEntityManagerFactoryBean : Initialized JPA EntityManagerFactory for persistence unit 'default'
2021-02-10 15:07:37.123  INFO 1988 --- [restartedMain] o.s.s.concurrent.ThreadPoolTaskExecutor  : Initializing ExecutorService 'applicationTaskExecutor'
2021-02-10 15:07:37.284  INFO 1988 --- [restartedMain] o.s.b.d.a.OptionalLiveReloadServer       : LiveReload server is running on port 35729
2021-02-10 15:07:37.321  INFO 1988 --- [restartedMain] o.s.b.w.embedded.tomcat.TomcatWebServer  : Tomcat started on port(s): 8090 (http) with context path '/springboot-rest'
2021-02-10 15:07:37.329  INFO 1988 --- [restartedMain] b.a.s.SpringBootRestApplication          : Started SpringBootRestApplication in 2.864 seconds (JVM running for 3.509)
2021-02-10 15:09:55.842  INFO 1988 --- [http-nio-8090-exec-2] o.a.c.c.C.[.[.[/springboot-rest]         : Initializing Spring DispatcherServlet 'dispatcherServlet'
2021-02-10 15:09:55.842  INFO 1988 --- [http-nio-8090-exec-2] o.s.web.servlet.DispatcherServlet        : Initializing Servlet 'dispatcherServlet'
2021-02-10 15:09:55.843  INFO 1988 --- [http-nio-8090-exec-2] o.s.web.servlet.DispatcherServlet        : Completed initialization in 1 ms
2021-02-10 15:10:23.492  INFO 11280 --- [restartedMain] b.a.s.SpringBootRestApplication          : Starting SpringBootRestApplication using Java 1.8.0_241 on S-L2 with PID 11280 (D:\Disk D\разработка\java\Spring\spring_boot_rest\target\classes started by СУРГ in D:\Disk D\разработка\java\Spring\spring_boot_rest)
2021-02-10 15:10:23.495  INFO 11280 --- [restartedMain] b.a.s.SpringBootRestApplication          : No active profile set, falling back to default profiles: default
2021-02-10 15:10:23.539  INFO 11280 --- [restartedMain] .e.DevToolsPropertyDefaultsPostProcessor : Devtools property defaults active! Set 'spring.devtools.add-properties' to 'false' to disable
2021-02-10 15:10:23.539  INFO 11280 --- [restartedMain] .e.DevToolsPropertyDefaultsPostProcessor : For additional web related logging consider setting the 'logging.level.web' property to 'DEBUG'
2021-02-10 15:10:24.139  INFO 11280 --- [restartedMain] .s.d.r.c.RepositoryConfigurationDelegate : Bootstrapping Spring Data JPA repositories in DEFAULT mode.
2021-02-10 15:10:24.165  INFO 11280 --- [restartedMain] .s.d.r.c.RepositoryConfigurationDelegate : Finished Spring Data repository scanning in 11 ms. Found 0 JPA repository interfaces.
2021-02-10 15:10:24.752  INFO 11280 --- [restartedMain] o.s.b.w.embedded.tomcat.TomcatWebServer  : Tomcat initialized with port(s): 8090 (http)
2021-02-10 15:10:24.758  INFO 11280 --- [restartedMain] o.apache.catalina.core.StandardService   : Starting service [Tomcat]
2021-02-10 15:10:24.759  INFO 11280 --- [restartedMain] org.apache.catalina.core.StandardEngine  : Starting Servlet engine: [Apache Tomcat/9.0.41]
2021-02-10 15:10:24.837  INFO 11280 --- [restartedMain] o.a.c.c.C.[.[.[/springboot-rest]         : Initializing Spring embedded WebApplicationContext
2021-02-10 15:10:24.838  INFO 11280 --- [restartedMain] w.s.c.ServletWebServerApplicationContext : Root WebApplicationContext: initialization completed in 1298 ms
2021-02-10 15:10:24.971  INFO 11280 --- [restartedMain] com.zaxxer.hikari.HikariDataSource       : HikariPool-1 - Starting...
2021-02-10 15:10:25.125  INFO 11280 --- [restartedMain] com.zaxxer.hikari.HikariDataSource       : HikariPool-1 - Start completed.
2021-02-10 15:10:25.170  INFO 11280 --- [restartedMain] o.hibernate.jpa.internal.util.LogHelper  : HHH000204: Processing PersistenceUnitInfo [name: default]
2021-02-10 15:10:25.224  INFO 11280 --- [restartedMain] org.hibernate.Version                    : HHH000412: Hibernate ORM core version 5.4.27.Final
2021-02-10 15:10:25.330  INFO 11280 --- [restartedMain] o.hibernate.annotations.common.Version   : HCANN000001: Hibernate Commons Annotations {5.1.2.Final}
2021-02-10 15:10:25.411  INFO 11280 --- [restartedMain] org.hibernate.dialect.Dialect            : HHH000400: Using dialect: org.hibernate.dialect.MySQLDialect
2021-02-10 15:10:25.814  INFO 11280 --- [restartedMain] o.h.e.t.j.p.i.JtaPlatformInitiator       : HHH000490: Using JtaPlatform implementation: [org.hibernate.engine.transaction.jta.platform.internal.NoJtaPlatform]
2021-02-10 15:10:25.821  INFO 11280 --- [restartedMain] j.LocalContainerEntityManagerFactoryBean : Initialized JPA EntityManagerFactory for persistence unit 'default'
2021-02-10 15:10:26.004  INFO 11280 --- [restartedMain] o.s.s.concurrent.ThreadPoolTaskExecutor  : Initializing ExecutorService 'applicationTaskExecutor'
2021-02-10 15:10:26.161  INFO 11280 --- [restartedMain] o.s.b.d.a.OptionalLiveReloadServer       : LiveReload server is running on port 35729
2021-02-10 15:10:26.197  INFO 11280 --- [restartedMain] o.s.b.w.embedded.tomcat.TomcatWebServer  : Tomcat started on port(s): 8090 (http) with context path '/springboot-rest'
2021-02-10 15:10:26.205  INFO 11280 --- [restartedMain] b.a.s.SpringBootRestApplication          : Started SpringBootRestApplication in 3.097 seconds (JVM running for 3.757)
2021-02-10 15:10:32.425  INFO 11280 --- [http-nio-8090-exec-1] o.a.c.c.C.[.[.[/springboot-rest]         : Initializing Spring DispatcherServlet 'dispatcherServlet'
2021-02-10 15:10:32.425  INFO 11280 --- [http-nio-8090-exec-1] o.s.web.servlet.DispatcherServlet        : Initializing Servlet 'dispatcherServlet'
2021-02-10 15:10:32.426  INFO 11280 --- [http-nio-8090-exec-1] o.s.web.servlet.DispatcherServlet        : Completed initialization in 1 ms
2021-02-10 15:12:28.476  INFO 11280 --- [http-nio-8090-exec-7] b.a.s.controller.MyRESTController        : Get all employees
2021-02-10 15:15:26.227  INFO 6508 --- [restartedMain] b.a.s.SpringBootRestApplication          : Starting SpringBootRestApplication using Java 1.8.0_241 on S-L2 with PID 6508 (D:\Disk D\разработка\java\Spring\spring_boot_rest\target\classes started by СУРГ in D:\Disk D\разработка\java\Spring\spring_boot_rest)
2021-02-10 15:15:26.229  INFO 6508 --- [restartedMain] b.a.s.SpringBootRestApplication          : No active profile set, falling back to default profiles: default
2021-02-10 15:15:26.275  INFO 6508 --- [restartedMain] .e.DevToolsPropertyDefaultsPostProcessor : Devtools property defaults active! Set 'spring.devtools.add-properties' to 'false' to disable
2021-02-10 15:15:26.275  INFO 6508 --- [restartedMain] .e.DevToolsPropertyDefaultsPostProcessor : For additional web related logging consider setting the 'logging.level.web' property to 'DEBUG'
2021-02-10 15:15:26.825  INFO 6508 --- [restartedMain] .s.d.r.c.RepositoryConfigurationDelegate : Bootstrapping Spring Data JPA repositories in DEFAULT mode.
2021-02-10 15:15:26.837  INFO 6508 --- [restartedMain] .s.d.r.c.RepositoryConfigurationDelegate : Finished Spring Data repository scanning in 5 ms. Found 0 JPA repository interfaces.
2021-02-10 15:15:27.332  INFO 6508 --- [restartedMain] o.s.b.w.embedded.tomcat.TomcatWebServer  : Tomcat initialized with port(s): 8090 (http)
2021-02-10 15:15:27.340  INFO 6508 --- [restartedMain] o.apache.catalina.core.StandardService   : Starting service [Tomcat]
2021-02-10 15:15:27.341  INFO 6508 --- [restartedMain] org.apache.catalina.core.StandardEngine  : Starting Servlet engine: [Apache Tomcat/9.0.41]
2021-02-10 15:15:27.421  INFO 6508 --- [restartedMain] o.a.c.c.C.[.[.[/springboot-rest]         : Initializing Spring embedded WebApplicationContext
2021-02-10 15:15:27.421  INFO 6508 --- [restartedMain] w.s.c.ServletWebServerApplicationContext : Root WebApplicationContext: initialization completed in 1145 ms
2021-02-10 15:15:27.547  INFO 6508 --- [restartedMain] com.zaxxer.hikari.HikariDataSource       : HikariPool-1 - Starting...
2021-02-10 15:15:27.669  INFO 6508 --- [restartedMain] com.zaxxer.hikari.HikariDataSource       : HikariPool-1 - Start completed.
2021-02-10 15:15:27.708  INFO 6508 --- [restartedMain] o.hibernate.jpa.internal.util.LogHelper  : HHH000204: Processing PersistenceUnitInfo [name: default]
2021-02-10 15:15:27.746  INFO 6508 --- [restartedMain] org.hibernate.Version                    : HHH000412: Hibernate ORM core version 5.4.27.Final
2021-02-10 15:15:27.851  INFO 6508 --- [restartedMain] o.hibernate.annotations.common.Version   : HCANN000001: Hibernate Commons Annotations {5.1.2.Final}
2021-02-10 15:15:27.935  INFO 6508 --- [restartedMain] org.hibernate.dialect.Dialect            : HHH000400: Using dialect: org.hibernate.dialect.MySQLDialect
2021-02-10 15:15:28.337  INFO 6508 --- [restartedMain] o.h.e.t.j.p.i.JtaPlatformInitiator       : HHH000490: Using JtaPlatform implementation: [org.hibernate.engine.transaction.jta.platform.internal.NoJtaPlatform]
2021-02-10 15:15:28.344  INFO 6508 --- [restartedMain] j.LocalContainerEntityManagerFactoryBean : Initialized JPA EntityManagerFactory for persistence unit 'default'
2021-02-10 15:15:28.524  INFO 6508 --- [restartedMain] o.s.s.concurrent.ThreadPoolTaskExecutor  : Initializing ExecutorService 'applicationTaskExecutor'
2021-02-10 15:15:28.681  INFO 6508 --- [restartedMain] o.s.b.d.a.OptionalLiveReloadServer       : LiveReload server is running on port 35729
2021-02-10 15:15:28.716  INFO 6508 --- [restartedMain] o.s.b.w.embedded.tomcat.TomcatWebServer  : Tomcat started on port(s): 8090 (http) with context path '/springboot-rest'
2021-02-10 15:15:28.724  INFO 6508 --- [restartedMain] b.a.s.SpringBootRestApplication          : Started SpringBootRestApplication in 2.87 seconds (JVM running for 3.518)
2021-02-10 15:16:04.922  INFO 6508 --- [http-nio-8090-exec-2] o.a.c.c.C.[.[.[/springboot-rest]         : Initializing Spring DispatcherServlet 'dispatcherServlet'
2021-02-10 15:16:04.923  INFO 6508 --- [http-nio-8090-exec-2] o.s.web.servlet.DispatcherServlet        : Initializing Servlet 'dispatcherServlet'
2021-02-10 15:16:04.923  INFO 6508 --- [http-nio-8090-exec-2] o.s.web.servlet.DispatcherServlet        : Completed initialization in 0 ms
2021-02-10 15:16:05.103  INFO 6508 --- [http-nio-8090-exec-2] b.a.s.controller.MyRESTController        : Update employee with name+Maks
2021-02-10 15:16:21.570  INFO 6508 --- [http-nio-8090-exec-4] b.a.s.controller.MyRESTController        : Delete employee with name+Maks
2021-02-10 15:18:46.704  INFO 11492 --- [restartedMain] b.a.s.SpringBootRestApplication          : Starting SpringBootRestApplication using Java 1.8.0_241 on S-L2 with PID 11492 (D:\Disk D\разработка\java\Spring\spring_boot_rest\target\classes started by СУРГ in D:\Disk D\разработка\java\Spring\spring_boot_rest)
2021-02-10 15:18:46.707  INFO 11492 --- [restartedMain] b.a.s.SpringBootRestApplication          : No active profile set, falling back to default profiles: default
2021-02-10 15:18:46.760  INFO 11492 --- [restartedMain] .e.DevToolsPropertyDefaultsPostProcessor : Devtools property defaults active! Set 'spring.devtools.add-properties' to 'false' to disable
2021-02-10 15:18:46.761  INFO 11492 --- [restartedMain] .e.DevToolsPropertyDefaultsPostProcessor : For additional web related logging consider setting the 'logging.level.web' property to 'DEBUG'
2021-02-10 15:18:47.301  INFO 11492 --- [restartedMain] .s.d.r.c.RepositoryConfigurationDelegate : Bootstrapping Spring Data JPA repositories in DEFAULT mode.
2021-02-10 15:18:47.313  INFO 11492 --- [restartedMain] .s.d.r.c.RepositoryConfigurationDelegate : Finished Spring Data repository scanning in 5 ms. Found 0 JPA repository interfaces.
2021-02-10 15:18:47.810  INFO 11492 --- [restartedMain] o.s.b.w.embedded.tomcat.TomcatWebServer  : Tomcat initialized with port(s): 8090 (http)
2021-02-10 15:18:47.817  INFO 11492 --- [restartedMain] o.apache.catalina.core.StandardService   : Starting service [Tomcat]
2021-02-10 15:18:47.817  INFO 11492 --- [restartedMain] org.apache.catalina.core.StandardEngine  : Starting Servlet engine: [Apache Tomcat/9.0.41]
2021-02-10 15:18:47.898  INFO 11492 --- [restartedMain] o.a.c.c.C.[.[.[/springboot-rest]         : Initializing Spring embedded WebApplicationContext
2021-02-10 15:18:47.899  INFO 11492 --- [restartedMain] w.s.c.ServletWebServerApplicationContext : Root WebApplicationContext: initialization completed in 1138 ms
2021-02-10 15:18:48.021  INFO 11492 --- [restartedMain] com.zaxxer.hikari.HikariDataSource       : HikariPool-1 - Starting...
2021-02-10 15:18:48.148  INFO 11492 --- [restartedMain] com.zaxxer.hikari.HikariDataSource       : HikariPool-1 - Start completed.
2021-02-10 15:18:48.181  INFO 11492 --- [restartedMain] o.hibernate.jpa.internal.util.LogHelper  : HHH000204: Processing PersistenceUnitInfo [name: default]
2021-02-10 15:18:48.219  INFO 11492 --- [restartedMain] org.hibernate.Version                    : HHH000412: Hibernate ORM core version 5.4.27.Final
2021-02-10 15:18:48.338  INFO 11492 --- [restartedMain] o.hibernate.annotations.common.Version   : HCANN000001: Hibernate Commons Annotations {5.1.2.Final}
2021-02-10 15:18:48.420  INFO 11492 --- [restartedMain] org.hibernate.dialect.Dialect            : HHH000400: Using dialect: org.hibernate.dialect.MySQLDialect
2021-02-10 15:18:48.809  INFO 11492 --- [restartedMain] o.h.e.t.j.p.i.JtaPlatformInitiator       : HHH000490: Using JtaPlatform implementation: [org.hibernate.engine.transaction.jta.platform.internal.NoJtaPlatform]
2021-02-10 15:18:48.817  INFO 11492 --- [restartedMain] j.LocalContainerEntityManagerFactoryBean : Initialized JPA EntityManagerFactory for persistence unit 'default'
2021-02-10 15:18:49.039  INFO 11492 --- [restartedMain] o.s.s.concurrent.ThreadPoolTaskExecutor  : Initializing ExecutorService 'applicationTaskExecutor'
2021-02-10 15:18:49.198  INFO 11492 --- [restartedMain] o.s.b.d.a.OptionalLiveReloadServer       : LiveReload server is running on port 35729
2021-02-10 15:18:49.227  INFO 11492 --- [restartedMain] o.s.b.w.embedded.tomcat.TomcatWebServer  : Tomcat started on port(s): 8090 (http) with context path '/springboot-rest'
2021-02-10 15:18:49.235  INFO 11492 --- [restartedMain] b.a.s.SpringBootRestApplication          : Started SpringBootRestApplication in 2.907 seconds (JVM running for 3.586)
2021-02-10 15:20:55.077  INFO 11492 --- [Thread-6] o.s.s.concurrent.ThreadPoolTaskExecutor  : Shutting down ExecutorService 'applicationTaskExecutor'
2021-02-10 15:20:55.078  INFO 11492 --- [Thread-6] j.LocalContainerEntityManagerFactoryBean : Closing JPA EntityManagerFactory for persistence unit 'default'
2021-02-10 15:20:55.082  INFO 11492 --- [Thread-6] com.zaxxer.hikari.HikariDataSource       : HikariPool-1 - Shutdown initiated...
2021-02-10 15:20:55.088  INFO 11492 --- [Thread-6] com.zaxxer.hikari.HikariDataSource       : HikariPool-1 - Shutdown completed.
2021-02-10 15:20:55.166  INFO 11492 --- [restartedMain] b.a.s.SpringBootRestApplication          : Starting SpringBootRestApplication using Java 1.8.0_241 on S-L2 with PID 11492 (D:\Disk D\разработка\java\Spring\spring_boot_rest\target\classes started by СУРГ in D:\Disk D\разработка\java\Spring\spring_boot_rest)
2021-02-10 15:20:55.166  INFO 11492 --- [restartedMain] b.a.s.SpringBootRestApplication          : No active profile set, falling back to default profiles: default
2021-02-10 15:20:55.420  INFO 11492 --- [restartedMain] .s.d.r.c.RepositoryConfigurationDelegate : Bootstrapping Spring Data JPA repositories in DEFAULT mode.
2021-02-10 15:20:55.422  INFO 11492 --- [restartedMain] .s.d.r.c.RepositoryConfigurationDelegate : Finished Spring Data repository scanning in 1 ms. Found 0 JPA repository interfaces.
2021-02-10 15:20:55.540  INFO 11492 --- [restartedMain] o.s.b.w.embedded.tomcat.TomcatWebServer  : Tomcat initialized with port(s): 8090 (http)
2021-02-10 15:20:55.542  INFO 11492 --- [restartedMain] o.apache.catalina.core.StandardService   : Starting service [Tomcat]
2021-02-10 15:20:55.543  INFO 11492 --- [restartedMain] org.apache.catalina.core.StandardEngine  : Starting Servlet engine: [Apache Tomcat/9.0.41]
2021-02-10 15:20:55.558  INFO 11492 --- [restartedMain] o.a.c.c.C.[.[.[/springboot-rest]         : Initializing Spring embedded WebApplicationContext
2021-02-10 15:20:55.559  INFO 11492 --- [restartedMain] w.s.c.ServletWebServerApplicationContext : Root WebApplicationContext: initialization completed in 390 ms
2021-02-10 15:20:55.590  INFO 11492 --- [restartedMain] com.zaxxer.hikari.HikariDataSource       : HikariPool-2 - Starting...
2021-02-10 15:20:55.595  INFO 11492 --- [restartedMain] com.zaxxer.hikari.HikariDataSource       : HikariPool-2 - Start completed.
2021-02-10 15:20:55.598  INFO 11492 --- [restartedMain] o.hibernate.jpa.internal.util.LogHelper  : HHH000204: Processing PersistenceUnitInfo [name: default]
2021-02-10 15:20:55.601  INFO 11492 --- [restartedMain] org.hibernate.dialect.Dialect            : HHH000400: Using dialect: org.hibernate.dialect.MySQLDialect
2021-02-10 15:20:55.622  INFO 11492 --- [restartedMain] o.h.e.t.j.p.i.JtaPlatformInitiator       : HHH000490: Using JtaPlatform implementation: [org.hibernate.engine.transaction.jta.platform.internal.NoJtaPlatform]
2021-02-10 15:20:55.622  INFO 11492 --- [restartedMain] j.LocalContainerEntityManagerFactoryBean : Initialized JPA EntityManagerFactory for persistence unit 'default'
2021-02-10 15:20:55.772  INFO 11492 --- [restartedMain] o.s.s.concurrent.ThreadPoolTaskExecutor  : Initializing ExecutorService 'applicationTaskExecutor'
2021-02-10 15:20:55.863  INFO 11492 --- [restartedMain] o.s.b.d.a.OptionalLiveReloadServer       : LiveReload server is running on port 35729
2021-02-10 15:20:55.880  INFO 11492 --- [restartedMain] o.s.b.w.embedded.tomcat.TomcatWebServer  : Tomcat started on port(s): 8090 (http) with context path '/springboot-rest'
2021-02-10 15:20:55.884  INFO 11492 --- [restartedMain] b.a.s.SpringBootRestApplication          : Started SpringBootRestApplication in 0.743 seconds (JVM running for 130.235)
2021-02-10 15:20:55.885  INFO 11492 --- [restartedMain] .ConditionEvaluationDeltaLoggingListener : Condition evaluation unchanged
2021-02-10 15:20:57.318  INFO 11492 --- [http-nio-8090-exec-2] o.a.c.c.C.[.[.[/springboot-rest]         : Initializing Spring DispatcherServlet 'dispatcherServlet'
2021-02-10 15:20:57.319  INFO 11492 --- [http-nio-8090-exec-2] o.s.web.servlet.DispatcherServlet        : Initializing Servlet 'dispatcherServlet'
2021-02-10 15:20:57.320  INFO 11492 --- [http-nio-8090-exec-2] o.s.web.servlet.DispatcherServlet        : Completed initialization in 1 ms
2021-02-10 15:20:57.385  INFO 11492 --- [http-nio-8090-exec-2] b.a.s.controller.MyRESTController        : Get all employees
2021-02-10 15:21:55.651  INFO 11492 --- [Thread-9] o.s.s.concurrent.ThreadPoolTaskExecutor  : Shutting down ExecutorService 'applicationTaskExecutor'
2021-02-10 15:21:55.652  INFO 11492 --- [Thread-9] j.LocalContainerEntityManagerFactoryBean : Closing JPA EntityManagerFactory for persistence unit 'default'
2021-02-10 15:21:55.652  INFO 11492 --- [Thread-9] com.zaxxer.hikari.HikariDataSource       : HikariPool-2 - Shutdown initiated...
2021-02-10 15:21:55.656  INFO 11492 --- [Thread-9] com.zaxxer.hikari.HikariDataSource       : HikariPool-2 - Shutdown completed.
2021-02-10 15:21:55.737  INFO 11492 --- [restartedMain] b.a.s.SpringBootRestApplication          : Starting SpringBootRestApplication using Java 1.8.0_241 on S-L2 with PID 11492 (D:\Disk D\разработка\java\Spring\spring_boot_rest\target\classes started by СУРГ in D:\Disk D\разработка\java\Spring\spring_boot_rest)
2021-02-10 15:21:55.737  INFO 11492 --- [restartedMain] b.a.s.SpringBootRestApplication          : No active profile set, falling back to default profiles: default
2021-02-10 15:21:55.902  INFO 11492 --- [restartedMain] .s.d.r.c.RepositoryConfigurationDelegate : Bootstrapping Spring Data JPA repositories in DEFAULT mode.
2021-02-10 15:21:55.904  INFO 11492 --- [restartedMain] .s.d.r.c.RepositoryConfigurationDelegate : Finished Spring Data repository scanning in 1 ms. Found 0 JPA repository interfaces.
2021-02-10 15:21:56.021  INFO 11492 --- [restartedMain] o.s.b.w.embedded.tomcat.TomcatWebServer  : Tomcat initialized with port(s): 8090 (http)
2021-02-10 15:21:56.022  INFO 11492 --- [restartedMain] o.apache.catalina.core.StandardService   : Starting service [Tomcat]
2021-02-10 15:21:56.022  INFO 11492 --- [restartedMain] org.apache.catalina.core.StandardEngine  : Starting Servlet engine: [Apache Tomcat/9.0.41]
2021-02-10 15:21:56.038  INFO 11492 --- [restartedMain] o.a.c.c.C.[Tomcat].[localhost].[/]       : Initializing Spring embedded WebApplicationContext
2021-02-10 15:21:56.038  INFO 11492 --- [restartedMain] w.s.c.ServletWebServerApplicationContext : Root WebApplicationContext: initialization completed in 299 ms
2021-02-10 15:21:56.071  INFO 11492 --- [restartedMain] com.zaxxer.hikari.HikariDataSource       : HikariPool-3 - Starting...
2021-02-10 15:21:56.084  INFO 11492 --- [restartedMain] com.zaxxer.hikari.HikariDataSource       : HikariPool-3 - Start completed.
2021-02-10 15:21:56.088  INFO 11492 --- [restartedMain] o.hibernate.jpa.internal.util.LogHelper  : HHH000204: Processing PersistenceUnitInfo [name: default]
2021-02-10 15:21:56.093  INFO 11492 --- [restartedMain] org.hibernate.dialect.Dialect            : HHH000400: Using dialect: org.hibernate.dialect.MySQLDialect
2021-02-10 15:21:56.118  INFO 11492 --- [restartedMain] o.h.e.t.j.p.i.JtaPlatformInitiator       : HHH000490: Using JtaPlatform implementation: [org.hibernate.engine.transaction.jta.platform.internal.NoJtaPlatform]
2021-02-10 15:21:56.120  INFO 11492 --- [restartedMain] j.LocalContainerEntityManagerFactoryBean : Initialized JPA EntityManagerFactory for persistence unit 'default'
2021-02-10 15:21:56.267  INFO 11492 --- [restartedMain] o.s.s.concurrent.ThreadPoolTaskExecutor  : Initializing ExecutorService 'applicationTaskExecutor'
2021-02-10 15:21:56.330  INFO 11492 --- [restartedMain] o.s.b.d.a.OptionalLiveReloadServer       : LiveReload server is running on port 35729
2021-02-10 15:21:56.341  INFO 11492 --- [restartedMain] o.s.b.w.embedded.tomcat.TomcatWebServer  : Tomcat started on port(s): 8090 (http) with context path ''
2021-02-10 15:21:56.345  INFO 11492 --- [restartedMain] b.a.s.SpringBootRestApplication          : Started SpringBootRestApplication in 0.631 seconds (JVM running for 190.696)
2021-02-10 15:21:56.346  INFO 11492 --- [restartedMain] .ConditionEvaluationDeltaLoggingListener : Condition evaluation unchanged
2021-02-10 15:22:10.083  INFO 11492 --- [http-nio-8090-exec-2] o.a.c.c.C.[Tomcat].[localhost].[/]       : Initializing Spring DispatcherServlet 'dispatcherServlet'
2021-02-10 15:22:10.083  INFO 11492 --- [http-nio-8090-exec-2] o.s.web.servlet.DispatcherServlet        : Initializing Servlet 'dispatcherServlet'
2021-02-10 15:22:10.084  INFO 11492 --- [http-nio-8090-exec-2] o.s.web.servlet.DispatcherServlet        : Completed initialization in 0 ms
2021-02-10 15:22:10.087  INFO 11492 --- [http-nio-8090-exec-2] b.a.s.controller.MyRESTController        : Get all employees
